c:\users\gerard\desktop\vj\2dgame\02-bubble\02-bubble\debug\vc141.pdb
c:\users\gerard\desktop\vj\2dgame\02-bubble\02-bubble\debug\vc141.idb
c:\users\gerard\desktop\vj\2dgame\02-bubble\02-bubble\debug\tilemap.obj
c:\users\gerard\desktop\vj\2dgame\02-bubble\02-bubble\debug\texture.obj
c:\users\gerard\desktop\vj\2dgame\02-bubble\02-bubble\debug\sprite.obj
c:\users\gerard\desktop\vj\2dgame\02-bubble\02-bubble\debug\shaderprogram.obj
c:\users\gerard\desktop\vj\2dgame\02-bubble\02-bubble\debug\shader.obj
c:\users\gerard\desktop\vj\2dgame\02-bubble\02-bubble\debug\scene.obj
c:\users\gerard\desktop\vj\2dgame\02-bubble\02-bubble\debug\player.obj
c:\users\gerard\desktop\vj\2dgame\02-bubble\02-bubble\debug\main.obj
c:\users\gerard\desktop\vj\2dgame\02-bubble\02-bubble\debug\game.obj
c:\users\gerard\desktop\vj\2dgame\02-bubble\02-bubble\debug\bullet.obj
c:\users\gerard\desktop\vj\2dgame\02-bubble\02-bubble\debug\enemy.obj
c:\users\gerard\desktop\vj\2dgame\02-bubble\debug\02-bubble.exe
c:\users\gerard\desktop\vj\2dgame\02-bubble\debug\02-bubble.ilk
c:\users\gerard\desktop\vj\2dgame\02-bubble\debug\02-bubble.pdb
c:\users\pa3ol\desktop\vj2019\02-bubble\02-bubble\debug\bullet.obj
c:\users\pa3ol\desktop\vj2019\02-bubble\02-bubble\debug\enemy.obj
c:\users\pa3ol\desktop\vj2019\02-bubble\02-bubble\debug\game.obj
c:\users\pa3ol\desktop\vj2019\02-bubble\02-bubble\debug\main.obj
c:\users\pa3ol\desktop\vj2019\02-bubble\02-bubble\debug\player.obj
c:\users\pa3ol\desktop\vj2019\02-bubble\02-bubble\debug\scene.obj
c:\users\pa3ol\desktop\vj2019\02-bubble\02-bubble\debug\shader.obj
c:\users\pa3ol\desktop\vj2019\02-bubble\02-bubble\debug\shaderprogram.obj
c:\users\pa3ol\desktop\vj2019\02-bubble\02-bubble\debug\sprite.obj
c:\users\pa3ol\desktop\vj2019\02-bubble\02-bubble\debug\texture.obj
c:\users\pa3ol\desktop\vj2019\02-bubble\02-bubble\debug\tilemap.obj
c:\users\pa3ol\desktop\vj2019\02-bubble\02-bubble\debug\player.obj.enc
c:\users\pa3ol\desktop\vj2019\02-bubble\02-bubble\debug\vc141.idb
c:\users\pa3ol\desktop\vj2019\02-bubble\02-bubble\debug\vc141.pdb
c:\users\pa3ol\desktop\vj2019\02-bubble\debug\02-bubble.pdb
c:\users\pa3ol\desktop\vj2019\02-bubble\debug\02-bubble.exe
c:\users\pa3ol\desktop\vj2019\02-bubble\debug\02-bubble.ilk
c:\users\pa3ol\desktop\vj2019\02-bubble\02-bubble\debug\02-bubble.tlog\cl.command.1.tlog
c:\users\pa3ol\desktop\vj2019\02-bubble\02-bubble\debug\02-bubble.tlog\cl.read.1.tlog
c:\users\pa3ol\desktop\vj2019\02-bubble\02-bubble\debug\02-bubble.tlog\cl.write.1.tlog
c:\users\pa3ol\desktop\vj2019\02-bubble\02-bubble\debug\02-bubble.tlog\link.command.1.tlog
c:\users\pa3ol\desktop\vj2019\02-bubble\02-bubble\debug\02-bubble.tlog\link.read.1.tlog
c:\users\pa3ol\desktop\vj2019\02-bubble\02-bubble\debug\02-bubble.tlog\link.write.1.tlog
