  Boss.cpp
  Bullet.cpp
  Camera.cpp
  Enemy.cpp
  Game.cpp
  Player.cpp
  PlayerTV.cpp
c:\users\gerard\desktop\vj\2dgame\vj2019\02-bubble\02-bubble\playertv.cpp(181): warning C4244: '=': conversión de 'int' a 'T'; posible pérdida de datos
          with
          [
              T=float
          ]
c:\users\gerard\desktop\vj\2dgame\vj2019\02-bubble\02-bubble\playertv.cpp(323): warning C4244: '=': conversión de 'int' a 'T'; posible pérdida de datos
          with
          [
              T=float
          ]
  Powerup.cpp
  Scene.cpp
c:\users\gerard\desktop\vj\2dgame\vj2019\02-bubble\02-bubble\scene.cpp(51): warning C4018: '<': no coinciden signed/unsigned
  main.cpp
  Generando código...
SOIL.lib(image_DXT.obj) : warning LNK4099: no se encontró PDB 'vc100.pdb' con 'SOIL.lib(image_DXT.obj)' o en 'C:\Users\Gerard\Desktop\VJ\2DGame\VJ2019\02-Bubble\Debug\vc100.pdb'; se vinculará el objeto sin tener en cuenta información de depuración
SOIL.lib(image_helper.obj) : warning LNK4099: no se encontró PDB 'vc100.pdb' con 'SOIL.lib(image_helper.obj)' o en 'C:\Users\Gerard\Desktop\VJ\2DGame\VJ2019\02-Bubble\Debug\vc100.pdb'; se vinculará el objeto sin tener en cuenta información de depuración
SOIL.lib(SOIL.obj) : warning LNK4099: no se encontró PDB 'vc100.pdb' con 'SOIL.lib(SOIL.obj)' o en 'C:\Users\Gerard\Desktop\VJ\2DGame\VJ2019\02-Bubble\Debug\vc100.pdb'; se vinculará el objeto sin tener en cuenta información de depuración
SOIL.lib(stb_image_aug.obj) : warning LNK4099: no se encontró PDB 'vc100.pdb' con 'SOIL.lib(stb_image_aug.obj)' o en 'C:\Users\Gerard\Desktop\VJ\2DGame\VJ2019\02-Bubble\Debug\vc100.pdb'; se vinculará el objeto sin tener en cuenta información de depuración
  02-Bubble.vcxproj -> C:\Users\Gerard\Desktop\VJ\2DGame\VJ2019\02-Bubble\Debug\02-Bubble.exe
